  main.cpp
C:\C(99,12): warning C4244: аргумент: преобразование "time_t" в "unsigned int", возможна потеря данных
C:\C(184,21): warning C4267: аргумент: преобразование из "size_t" в "int"; возможна потеря данных
C:\C(188,21): warning C4267: аргумент: преобразование из "size_t" в "int"; возможна потеря данных
C:\C(214,12): warning C4244: аргумент: преобразование "time_t" в "unsigned int", возможна потеря данных
C:\C(230,14): warning C4267: инициализация: преобразование из "size_t" в "int"; возможна потеря данных
C:\C(300,21): warning C4267: аргумент: преобразование из "size_t" в "int"; возможна потеря данных
C:\C(331,21): warning C4267: аргумент: преобразование из "size_t" в "int"; возможна потеря данных
C:\C(356,21): warning C4267: аргумент: преобразование из "size_t" в "int"; возможна потеря данных
C:\C(372,41): warning C4267: аргумент: преобразование из "size_t" в "int"; возможна потеря данных
C:\C(372,28): warning C4267: аргумент: преобразование из "size_t" в "int"; возможна потеря данных
C:\C(383,20): warning C4267: аргумент: преобразование из "size_t" в "int"; возможна потеря данных
C:\C(402,20): warning C4267: аргумент: преобразование из "size_t" в "int"; возможна потеря данных
C:\C(471,39): warning C4267: аргумент: преобразование из "size_t" в "int"; возможна потеря данных
C:\C(506,72): warning C4267: аргумент: преобразование из "size_t" в "int"; возможна потеря данных
C:\C(506,44): warning C4267: аргумент: преобразование из "size_t" в "int"; возможна потеря данных
C:\C(509,71): warning C4267: аргумент: преобразование из "size_t" в "int"; возможна потеря данных
C:\C(509,43): warning C4267: аргумент: преобразование из "size_t" в "int"; возможна потеря данных
C:\C(512,70): warning C4267: аргумент: преобразование из "size_t" в "int"; возможна потеря данных
C:\C(512,42): warning C4267: аргумент: преобразование из "size_t" в "int"; возможна потеря данных
C:\C(515,81): warning C4267: аргумент: преобразование из "size_t" в "int"; возможна потеря данных
C:\C(515,53): warning C4267: аргумент: преобразование из "size_t" в "int"; возможна потеря данных
C:\C(518,67): warning C4267: аргумент: преобразование из "size_t" в "int"; возможна потеря данных
C:\C(518,39): warning C4267: аргумент: преобразование из "size_t" в "int"; возможна потеря данных
  mainold.cpp
  .NETFramework,Version=v4.7.2.AssemblyAttributes.cpp
  Создание кода...
  main.obj : обнаружен модуль MSIL; для MSIL последовательная компоновка отключена; выполняется полная компоновка
  Set calculator.vcxproj -> C:\C#\OOP2.0\OOP2Curs\Semester_3\Set_calculator\Set_Calculator\x64\Debug\Set calculator.exe
